<?xml version="1.0" encoding="UTF-8"?>
<!-- Generated by org.testng.reporters.JUnitReportReporter -->
<testsuite hostname="CPC-jnith-BV6SW" failures="0" tests="1" name="testCases.TC02_LoginAsSupplier" time="24.839" errors="0" timestamp="2024-08-19T12:05:42 IST" skipped="0">
  <testcase classname="testCases.TC02_LoginAsSupplier" name="testLoginSupplier" time="24.839"/>
</testsuite> <!-- testCases.TC02_LoginAsSupplier -->
