<?xml version="1.0" encoding="UTF-8"?>
<!-- Generated by org.testng.reporters.JUnitReportReporter -->
<testsuite hostname="CPC-jnith-BV6SW" failures="0" tests="1" name="testCases.TC_01_Login" time="3.939" errors="0" timestamp="2024-08-08T12:41:15 IST" skipped="0">
  <testcase classname="testCases.TC_01_Login" name="testLogin" time="3.939"/>
</testsuite> <!-- testCases.TC_01_Login -->
