<?xml version="1.0" encoding="UTF-8"?>
<!-- Generated by org.testng.reporters.JUnitReportReporter -->
<testsuite hostname="CPC-jnith-BV6SW" failures="0" tests="1" name="pageObjectsModel.TC_01_Login" time="4.258" errors="0" timestamp="2024-08-06T18:54:27 IST" skipped="0">
  <testcase classname="pageObjectsModel.TC_01_Login" name="testLogin" time="4.258"/>
</testsuite> <!-- pageObjectsModel.TC_01_Login -->
